<?xml version="1.0" encoding="UTF-8"?>
<!-- Generated by org.testng.reporters.JUnitReportReporter -->
<testsuite hostname="LAPTOP-0TF6NH5R" failures="0" tests="1" name="testCases.T1_createaccount" time="2.631" errors="0" timestamp="2025-08-21T13:24:51 IST" skipped="0">
  <testcase classname="testCases.T1_createaccount" name="verifycreateaccount" time="2.631"/>
</testsuite> <!-- testCases.T1_createaccount -->
