<?xml version="1.0" encoding="UTF-8"?>
<!-- Generated by org.testng.reporters.JUnitReportReporter -->
<testsuite hostname="LAPTOP-0TF6NH5R" failures="0" tests="2" name="testCases.T3_addcart" time="0.001" errors="0" timestamp="2025-08-24T12:45:37 IST" skipped="2">
  <testcase classname="testCases.T3_addcart" name="verifyaddcart" time="0.000">
    <skipped/>
  </testcase> <!-- verifyaddcart -->
  <testcase classname="testCases.T3_addcart" name="verifyremovecart" time="0.001">
    <skipped/>
  </testcase> <!-- verifyremovecart -->
</testsuite> <!-- testCases.T3_addcart -->
