<?xml version="1.0" encoding="UTF-8"?>
<!-- Generated by org.testng.reporters.JUnitReportReporter -->
<testsuite hostname="LAPTOP-0TF6NH5R" failures="0" tests="1" name="testCases.T2_loginaccout" time="1.956" errors="0" timestamp="2025-08-22T10:01:05 IST" skipped="0">
  <testcase classname="testCases.T2_loginaccout" name="verifylogin" time="1.956"/>
</testsuite> <!-- testCases.T2_loginaccout -->
